============================= test session starts =============================
platform win32 -- Python 3.11.9, pytest-8.0.2, pluggy-1.5.0 -- C:\Users\w1n51\AppData\Local\Programs\Python\Python311\python.exe
cachedir: .pytest_cache
rootdir: C:\Users\w1n51\OneDrive\Desktop\Programing Projects\Culture.ai
configfile: pytest.ini
plugins: anyio-4.8.0, langsmith-0.3.42, asyncio-0.23.5, cov-4.1.0, mock-3.14.0, profiling-1.8.1, xdist-3.5.0
asyncio: mode=Mode.STRICT
collecting ... collected 24 items

tests/integration/memory/test_memory_pruning_mus.py::TestMUSBasedMemoryPruning::test_a_l1_mus_calculation PASSED [  4%]
tests/integration/memory/test_memory_pruning_mus.py::TestMUSBasedMemoryPruning::test_b_l2_mus_calculation PASSED [  8%]
tests/integration/memory/test_memory_pruning_mus.py::TestMUSBasedMemoryPruning::test_z_memory_deletion PASSED [ 12%]
tests/integration/memory/test_memory_utility_score.py::TestMemoryUtilityScore::test_memory_utility_score_calculation PASSED [ 16%]
tests/integration/test_hierarchical_memory_persistence.py::TestHierarchicalMemoryPersistence::test_hierarchical_memory_persistence PASSED [ 20%]
tests/integration/test_memory_usage_tracking.py::TestMemoryUsageTracking::test_memory_usage_tracking PASSED [ 25%]
tests/integration/test_memory_usage_tracking.py::TestMemoryUsageTracking::test_retrieve_memory_ids PASSED [ 29%]
tests/test_pytest_sanity.py::test_pytest_sanity PASSED                   [ 33%]
tests/unit/core/test_agent_state.py::test_agent_state PASSED             [ 37%]
tests/unit/core/test_agent_state.py::test_discovery_sanity PASSED        [ 41%]
tests/unit/dspy/test_dspy_direct.py::test_direct_call PASSED             [ 45%]
tests/unit/dspy/test_dspy_role_adherence.py::test_role_prefix_adherence PASSED [ 50%]
tests/unit/dspy_programs/test_rag_context_synthesizer.py::TestRAGContextSynthesizer::test_clean_output_with_bracket_prefix PASSED [ 54%]
tests/unit/dspy_programs/test_rag_context_synthesizer.py::TestRAGContextSynthesizer::test_clean_output_without_bracket_prefix PASSED [ 58%]
tests/unit/dspy_programs/test_rag_context_synthesizer.py::TestRAGContextSynthesizer::test_initialization_with_compiled_program PASSED [ 62%]
tests/unit/dspy_programs/test_rag_context_synthesizer.py::TestRAGContextSynthesizer::test_initialization_without_compiled_program PASSED [ 66%]
tests/unit/dspy_programs/test_rag_context_synthesizer.py::TestRAGContextSynthesizer::test_synthesize_error_handling PASSED [ 70%]
tests/unit/dspy_programs/test_rag_context_synthesizer.py::TestRAGContextSynthesizer::test_synthesize_success PASSED [ 75%]
tests/unit/dspy_programs/test_role_specific_summary_generator.py::TestRoleSpecificSummaryGeneratorFallback::test_l1_template_fallback_extracts_keywords PASSED [ 79%]
tests/unit/dspy_programs/test_role_specific_summary_generator.py::TestRoleSpecificSummaryGeneratorFallback::test_l1_template_fallback_when_all_dspy_fails PASSED [ 83%]
tests/unit/dspy_programs/test_role_specific_summary_generator.py::TestRoleSpecificSummaryGeneratorFallback::test_l1_template_fallback_without_mood PASSED [ 87%]
tests/unit/dspy_programs/test_role_specific_summary_generator.py::TestRoleSpecificSummaryGeneratorFallback::test_l2_template_fallback_when_all_dspy_fails PASSED [ 91%]
tests/unit/dspy_programs/test_role_specific_summary_generator.py::TestRoleSpecificSummaryGeneratorFallback::test_l2_template_fallback_without_optional_fields PASSED [ 95%]
tests/unit/dspy_programs/test_role_specific_summary_generator.py::TestRoleSpecificSummaryGeneratorFallback::test_normal_operation_uses_fallbacks_properly PASSED [100%]

============================== warnings summary ===============================
..\..\..\..\AppData\Local\Programs\Python\Python311\Lib\site-packages\pydantic\fields.py:1076
  C:\Users\w1n51\AppData\Local\Programs\Python\Python311\Lib\site-packages\pydantic\fields.py:1076: PydanticDeprecatedSince20: Using extra keyword arguments on `Field` is deprecated and will be removed. Use `json_schema_extra` instead. (Extra keys: 'required'). Deprecated in Pydantic V2.0 to be removed in V3.0. See Pydantic V2 Migration Guide at https://errors.pydantic.dev/2.11/migration/
    warn(

..\..\..\..\AppData\Local\Programs\Python\Python311\Lib\site-packages\discord\player.py:28
  C:\Users\w1n51\AppData\Local\Programs\Python\Python311\Lib\site-packages\discord\player.py:28: DeprecationWarning: 'audioop' is deprecated and slated for removal in Python 3.13
    import audioop

-- Docs: https://docs.pytest.org/en/stable/how-to/capture-warnings.html
============================== slowest durations ==============================
27.15s call     tests/unit/core/test_agent_state.py::test_agent_state
4.33s call     tests/integration/memory/test_memory_pruning_mus.py::TestMUSBasedMemoryPruning::test_a_l1_mus_calculation
1.56s call     tests/integration/memory/test_memory_pruning_mus.py::TestMUSBasedMemoryPruning::test_z_memory_deletion
1.52s call     tests/integration/memory/test_memory_pruning_mus.py::TestMUSBasedMemoryPruning::test_b_l2_mus_calculation
0.75s call     tests/integration/memory/test_memory_utility_score.py::TestMemoryUtilityScore::test_memory_utility_score_calculation
0.65s call     tests/integration/test_hierarchical_memory_persistence.py::TestHierarchicalMemoryPersistence::test_hierarchical_memory_persistence
0.14s call     tests/integration/test_memory_usage_tracking.py::TestMemoryUsageTracking::test_memory_usage_tracking
0.09s call     tests/integration/test_memory_usage_tracking.py::TestMemoryUsageTracking::test_retrieve_memory_ids
0.03s call     tests/unit/dspy_programs/test_role_specific_summary_generator.py::TestRoleSpecificSummaryGeneratorFallback::test_l1_template_fallback_extracts_keywords
0.02s call     tests/unit/dspy_programs/test_rag_context_synthesizer.py::TestRAGContextSynthesizer::test_synthesize_error_handling
0.01s call     tests/unit/dspy/test_dspy_role_adherence.py::test_role_prefix_adherence
0.01s call     tests/unit/dspy_programs/test_rag_context_synthesizer.py::TestRAGContextSynthesizer::test_clean_output_with_bracket_prefix

(60 durations < 0.005s hidden.  Use -vv to show these durations.)
================== 24 passed, 2 warnings in 64.95s (0:01:04) ==================
