============================= test session starts =============================
platform win32 -- Python 3.11.9, pytest-8.0.2, pluggy-1.5.0 -- C:\Users\w1n51\AppData\Local\Programs\Python\Python311\python.exe
cachedir: .pytest_cache
rootdir: C:\Users\w1n51\OneDrive\Desktop\Programing Projects\Culture.ai
configfile: pytest.ini
plugins: anyio-4.8.0, langsmith-0.3.42, asyncio-0.23.5, cov-4.1.0, mock-3.14.0, profiling-1.8.1, xdist-3.5.0
asyncio: mode=Mode.STRICT
created: 8/8 workers
8 workers [5 items]

scheduling tests via LoadScheduling

tests/integration/memory/test_memory_pruning_mus.py::TestMUSBasedMemoryPruning::test_a_l1_mus_calculation 
tests/integration/memory/test_memory_pruning_mus.py::TestMUSBasedMemoryPruning::test_z_memory_deletion 
tests/integration/memory/test_memory_pruning_mus.py::TestMUSBasedMemoryPruning::test_b_l2_mus_calculation 
tests/unit/core/test_agent_state.py::test_agent_state 
tests/integration/memory/test_memory_utility_score.py::TestMemoryUtilityScore::test_memory_utility_score_calculation 
[gw3] [ 20%] PASSED tests/integration/memory/test_memory_utility_score.py::TestMemoryUtilityScore::test_memory_utility_score_calculation 
[gw0] [ 40%] PASSED tests/integration/memory/test_memory_pruning_mus.py::TestMUSBasedMemoryPruning::test_a_l1_mus_calculation 
[gw1] [ 60%] PASSED tests/integration/memory/test_memory_pruning_mus.py::TestMUSBasedMemoryPruning::test_b_l2_mus_calculation 
[gw2] [ 80%] PASSED tests/integration/memory/test_memory_pruning_mus.py::TestMUSBasedMemoryPruning::test_z_memory_deletion 
[gw4] [100%] PASSED tests/unit/core/test_agent_state.py::test_agent_state 

============================= 5 passed in 48.61s ==============================
