============================= test session starts =============================
platform win32 -- Python 3.11.9, pytest-8.0.2, pluggy-1.5.0 -- C:\Users\w1n51\AppData\Local\Programs\Python\Python311\python.exe
cachedir: .pytest_cache
rootdir: C:\Users\w1n51\OneDrive\Desktop\Programing Projects\Culture.ai
configfile: pytest.ini
plugins: anyio-4.8.0, langsmith-0.3.42, asyncio-0.23.5, cov-4.1.0, mock-3.14.0, profiling-1.8.1, xdist-3.5.0
asyncio: mode=Mode.STRICT
created: 8/8 workers
8 workers [24 items]

scheduling tests via LoadScheduling

tests/unit/core/test_agent_state.py::test_agent_state 
tests/integration/test_memory_usage_tracking.py::TestMemoryUsageTracking::test_retrieve_memory_ids 
tests/integration/memory/test_memory_pruning_mus.py::TestMUSBasedMemoryPruning::test_a_l1_mus_calculation 
tests/unit/dspy_programs/test_rag_context_synthesizer.py::TestRAGContextSynthesizer::test_clean_output_with_bracket_prefix 
tests/integration/test_hierarchical_memory_persistence.py::TestHierarchicalMemoryPersistence::test_hierarchical_memory_persistence 
tests/unit/dspy/test_dspy_direct.py::test_direct_call 
tests/integration/memory/test_memory_pruning_mus.py::TestMUSBasedMemoryPruning::test_z_memory_deletion 
tests/unit/dspy_programs/test_rag_context_synthesizer.py::TestRAGContextSynthesizer::test_initialization_with_compiled_program 
[gw6] [  4%] PASSED tests/unit/dspy_programs/test_rag_context_synthesizer.py::TestRAGContextSynthesizer::test_clean_output_with_bracket_prefix 
tests/unit/dspy_programs/test_rag_context_synthesizer.py::TestRAGContextSynthesizer::test_clean_output_without_bracket_prefix 
[gw7] [  8%] PASSED tests/unit/dspy_programs/test_rag_context_synthesizer.py::TestRAGContextSynthesizer::test_initialization_with_compiled_program 
tests/unit/dspy_programs/test_rag_context_synthesizer.py::TestRAGContextSynthesizer::test_initialization_without_compiled_program 
[gw5] [ 12%] PASSED tests/unit/dspy/test_dspy_direct.py::test_direct_call 
tests/unit/dspy/test_dspy_role_adherence.py::test_role_prefix_adherence 
[gw6] [ 16%] PASSED tests/unit/dspy_programs/test_rag_context_synthesizer.py::TestRAGContextSynthesizer::test_clean_output_without_bracket_prefix 
tests/unit/dspy_programs/test_rag_context_synthesizer.py::TestRAGContextSynthesizer::test_synthesize_error_handling 
[gw7] [ 20%] PASSED tests/unit/dspy_programs/test_rag_context_synthesizer.py::TestRAGContextSynthesizer::test_initialization_without_compiled_program 
tests/unit/dspy_programs/test_rag_context_synthesizer.py::TestRAGContextSynthesizer::test_synthesize_success 
[gw5] [ 25%] PASSED tests/unit/dspy/test_dspy_role_adherence.py::test_role_prefix_adherence 
[gw6] [ 29%] PASSED tests/unit/dspy_programs/test_rag_context_synthesizer.py::TestRAGContextSynthesizer::test_synthesize_error_handling 
tests/unit/dspy_programs/test_role_specific_summary_generator.py::TestRoleSpecificSummaryGeneratorFallback::test_l1_template_fallback_extracts_keywords 
tests/unit/dspy_programs/test_role_specific_summary_generator.py::TestRoleSpecificSummaryGeneratorFallback::test_l1_template_fallback_when_all_dspy_fails 
[gw7] [ 33%] PASSED tests/unit/dspy_programs/test_rag_context_synthesizer.py::TestRAGContextSynthesizer::test_synthesize_success 
tests/unit/dspy_programs/test_role_specific_summary_generator.py::TestRoleSpecificSummaryGeneratorFallback::test_l1_template_fallback_without_mood 
[gw6] [ 37%] PASSED tests/unit/dspy_programs/test_role_specific_summary_generator.py::TestRoleSpecificSummaryGeneratorFallback::test_l1_template_fallback_when_all_dspy_fails 
[gw5] [ 41%] PASSED tests/unit/dspy_programs/test_role_specific_summary_generator.py::TestRoleSpecificSummaryGeneratorFallback::test_l1_template_fallback_extracts_keywords 
tests/unit/dspy_programs/test_role_specific_summary_generator.py::TestRoleSpecificSummaryGeneratorFallback::test_l2_template_fallback_without_optional_fields 
tests/unit/dspy_programs/test_role_specific_summary_generator.py::TestRoleSpecificSummaryGeneratorFallback::test_l2_template_fallback_when_all_dspy_fails 
[gw7] [ 45%] PASSED tests/unit/dspy_programs/test_role_specific_summary_generator.py::TestRoleSpecificSummaryGeneratorFallback::test_l1_template_fallback_without_mood 
tests/unit/dspy_programs/test_role_specific_summary_generator.py::TestRoleSpecificSummaryGeneratorFallback::test_normal_operation_uses_fallbacks_properly 
[gw5] [ 50%] PASSED tests/unit/dspy_programs/test_role_specific_summary_generator.py::TestRoleSpecificSummaryGeneratorFallback::test_l2_template_fallback_when_all_dspy_fails 
[gw6] [ 54%] PASSED tests/unit/dspy_programs/test_role_specific_summary_generator.py::TestRoleSpecificSummaryGeneratorFallback::test_l2_template_fallback_without_optional_fields 
[gw7] [ 58%] PASSED tests/unit/dspy_programs/test_role_specific_summary_generator.py::TestRoleSpecificSummaryGeneratorFallback::test_normal_operation_uses_fallbacks_properly 
[gw3] [ 62%] PASSED tests/integration/test_memory_usage_tracking.py::TestMemoryUsageTracking::test_retrieve_memory_ids 
tests/test_pytest_sanity.py::test_pytest_sanity 
[gw3] [ 66%] PASSED tests/test_pytest_sanity.py::test_pytest_sanity 
[gw2] [ 70%] PASSED tests/integration/test_hierarchical_memory_persistence.py::TestHierarchicalMemoryPersistence::test_hierarchical_memory_persistence 
tests/integration/test_memory_usage_tracking.py::TestMemoryUsageTracking::test_memory_usage_tracking 
[gw2] [ 75%] PASSED tests/integration/test_memory_usage_tracking.py::TestMemoryUsageTracking::test_memory_usage_tracking 
[gw0] [ 79%] PASSED tests/integration/memory/test_memory_pruning_mus.py::TestMUSBasedMemoryPruning::test_a_l1_mus_calculation 
tests/integration/memory/test_memory_pruning_mus.py::TestMUSBasedMemoryPruning::test_b_l2_mus_calculation 
[gw1] [ 83%] PASSED tests/integration/memory/test_memory_pruning_mus.py::TestMUSBasedMemoryPruning::test_z_memory_deletion 
tests/integration/memory/test_memory_utility_score.py::TestMemoryUtilityScore::test_memory_utility_score_calculation 
[gw1] [ 87%] PASSED tests/integration/memory/test_memory_utility_score.py::TestMemoryUtilityScore::test_memory_utility_score_calculation 
[gw0] [ 91%] PASSED tests/integration/memory/test_memory_pruning_mus.py::TestMUSBasedMemoryPruning::test_b_l2_mus_calculation 
[gw4] [ 95%] PASSED tests/unit/core/test_agent_state.py::test_agent_state 
tests/unit/core/test_agent_state.py::test_discovery_sanity 
[gw4] [100%] PASSED tests/unit/core/test_agent_state.py::test_discovery_sanity 

============================== warnings summary ===============================
..\..\..\..\AppData\Local\Programs\Python\Python311\Lib\site-packages\pydantic\fields.py:1076
..\..\..\..\AppData\Local\Programs\Python\Python311\Lib\site-packages\pydantic\fields.py:1076
..\..\..\..\AppData\Local\Programs\Python\Python311\Lib\site-packages\pydantic\fields.py:1076
..\..\..\..\AppData\Local\Programs\Python\Python311\Lib\site-packages\pydantic\fields.py:1076
..\..\..\..\AppData\Local\Programs\Python\Python311\Lib\site-packages\pydantic\fields.py:1076
..\..\..\..\AppData\Local\Programs\Python\Python311\Lib\site-packages\pydantic\fields.py:1076
..\..\..\..\AppData\Local\Programs\Python\Python311\Lib\site-packages\pydantic\fields.py:1076
..\..\..\..\AppData\Local\Programs\Python\Python311\Lib\site-packages\pydantic\fields.py:1076
  C:\Users\w1n51\AppData\Local\Programs\Python\Python311\Lib\site-packages\pydantic\fields.py:1076: PydanticDeprecatedSince20: Using extra keyword arguments on `Field` is deprecated and will be removed. Use `json_schema_extra` instead. (Extra keys: 'required'). Deprecated in Pydantic V2.0 to be removed in V3.0. See Pydantic V2 Migration Guide at https://errors.pydantic.dev/2.11/migration/
    warn(

..\..\..\..\AppData\Local\Programs\Python\Python311\Lib\site-packages\discord\player.py:28
..\..\..\..\AppData\Local\Programs\Python\Python311\Lib\site-packages\discord\player.py:28
..\..\..\..\AppData\Local\Programs\Python\Python311\Lib\site-packages\discord\player.py:28
..\..\..\..\AppData\Local\Programs\Python\Python311\Lib\site-packages\discord\player.py:28
..\..\..\..\AppData\Local\Programs\Python\Python311\Lib\site-packages\discord\player.py:28
..\..\..\..\AppData\Local\Programs\Python\Python311\Lib\site-packages\discord\player.py:28
..\..\..\..\AppData\Local\Programs\Python\Python311\Lib\site-packages\discord\player.py:28
..\..\..\..\AppData\Local\Programs\Python\Python311\Lib\site-packages\discord\player.py:28
  C:\Users\w1n51\AppData\Local\Programs\Python\Python311\Lib\site-packages\discord\player.py:28: DeprecationWarning: 'audioop' is deprecated and slated for removal in Python 3.13
    import audioop

-- Docs: https://docs.pytest.org/en/stable/how-to/capture-warnings.html
====================== 24 passed, 16 warnings in 50.57s =======================
